FILE_TYPE=LIBRARY_PARTS;
PRIMITIVE 'ERJ_1GJF6802C','ERJ_1GJF6802C_Other';
  PIN
    '1':
      PIN_NUMBER='(1)';
      NO_LOAD_CHECK=BOTH;
      NO_IO_CHECK=BOTH;
      ALLOW_CONNECT=TRUE;
      PINUSE='UNSPEC';
    '2':
      PIN_NUMBER='(2)';
      NO_LOAD_CHECK=BOTH;
      NO_IO_CHECK=BOTH;
      ALLOW_CONNECT=TRUE;
      PINUSE='UNSPEC';
  END_PIN;
  BODY
    PART_NAME='ERJ_1GJF6802C';
    PHYS_DES_PREFIX='R';
    NO_LOAD_CHECK='TRUE';
    PIN_COUNT='2';
    BODY_NAME='ERJ_1GJF6802C';
    JEDEC_TYPE='ERJ1GJJ2R4C';
  END_BODY;
END_PRIMITIVE;
END.
