FILE_TYPE=LIBRARY_PARTS;
PRIMITIVE 'TNPW120610R0BEEN','TNPW120610R0BEEN_Resistor Chip';
  PIN
    '1':
      PIN_NUMBER='(1)';
      NO_LOAD_CHECK=BOTH;
      NO_IO_CHECK=BOTH;
      ALLOW_CONNECT=TRUE;
      PINUSE='UNSPEC';
    '2':
      PIN_NUMBER='(2)';
      NO_LOAD_CHECK=BOTH;
      NO_IO_CHECK=BOTH;
      ALLOW_CONNECT=TRUE;
      PINUSE='UNSPEC';
  END_PIN;
  BODY
    PART_NAME='TNPW120610R0BEEN';
    PHYS_DES_PREFIX='R';
    NO_LOAD_CHECK='TRUE';
    PIN_COUNT='2';
    BODY_NAME='TNPW120610R0BEEN';
    JEDEC_TYPE='RESC3216X65N';
  END_BODY;
END_PRIMITIVE;
END.
