FILE_TYPE=LIBRARY_PARTS;
PRIMITIVE 'IRFP250PBF','IRFP250PBF_Transistor Outline, Vertical';
  PIN
    'G':
      PIN_NUMBER='(1)';
      NO_LOAD_CHECK=BOTH;
      NO_IO_CHECK=BOTH;
      ALLOW_CONNECT=TRUE;
      PINUSE='UNSPEC';
    'D':
      PIN_NUMBER='(2)';
      NO_LOAD_CHECK=BOTH;
      NO_IO_CHECK=BOTH;
      ALLOW_CONNECT=TRUE;
      PINUSE='UNSPEC';
    'S':
      PIN_NUMBER='(3)';
      NO_LOAD_CHECK=BOTH;
      NO_IO_CHECK=BOTH;
      ALLOW_CONNECT=TRUE;
      PINUSE='UNSPEC';
  END_PIN;
  BODY
    PART_NAME='IRFP250PBF';
    PHYS_DES_PREFIX='Q';
    NO_LOAD_CHECK='TRUE';
    PIN_COUNT='3';
    BODY_NAME='IRFP250PBF';
    JEDEC_TYPE='TO546P531X1558X2511-3P';
  END_BODY;
END_PRIMITIVE;
END.
