FILE_TYPE=LIBRARY_PARTS;
PRIMITIVE 'MCS0402MD1002BE100','MCS0402MD1002BE100_Resistor Chip';
  PIN
    '1':
      PIN_NUMBER='(1)';
      NO_LOAD_CHECK=BOTH;
      NO_IO_CHECK=BOTH;
      ALLOW_CONNECT=TRUE;
      PINUSE='UNSPEC';
    '2':
      PIN_NUMBER='(2)';
      NO_LOAD_CHECK=BOTH;
      NO_IO_CHECK=BOTH;
      ALLOW_CONNECT=TRUE;
      PINUSE='UNSPEC';
  END_PIN;
  BODY
    PART_NAME='MCS0402MD1002BE100';
    PHYS_DES_PREFIX='R';
    NO_LOAD_CHECK='TRUE';
    PIN_COUNT='2';
    BODY_NAME='MCS0402MD1002BE100';
    JEDEC_TYPE='RESC1005X37N';
  END_BODY;
END_PRIMITIVE;
END.
