FILE_TYPE=LIBRARY_PARTS;
PRIMITIVE 'KAM03CT70J105KH','KAM03CT70J105KH_Capacitor Chip Non-polarised';
  PIN
    '1':
      PIN_NUMBER='(1)';
      NO_LOAD_CHECK=BOTH;
      NO_IO_CHECK=BOTH;
      ALLOW_CONNECT=TRUE;
      PINUSE='UNSPEC';
    '2':
      PIN_NUMBER='(2)';
      NO_LOAD_CHECK=BOTH;
      NO_IO_CHECK=BOTH;
      ALLOW_CONNECT=TRUE;
      PINUSE='UNSPEC';
  END_PIN;
  BODY
    PART_NAME='KAM03CT70J105KH';
    PHYS_DES_PREFIX='C';
    NO_LOAD_CHECK='TRUE';
    PIN_COUNT='2';
    BODY_NAME='KAM03CT70J105KH';
    JEDEC_TYPE='CAPC0603X39N';
  END_BODY;
END_PRIMITIVE;
END.
