FILE_TYPE=LIBRARY_PARTS;
PRIMITIVE 'KC2520Z12.0000C15XXK','KC2520Z12.0000C15XXK_Other';
  PIN
    'INH':
      PIN_NUMBER='(1)';
      NO_LOAD_CHECK=BOTH;
      NO_IO_CHECK=BOTH;
      ALLOW_CONNECT=TRUE;
      PINUSE='UNSPEC';
    'CASE_GND':
      PIN_NUMBER='(2)';
      NO_LOAD_CHECK=BOTH;
      NO_IO_CHECK=BOTH;
      ALLOW_CONNECT=TRUE;
      PINUSE='UNSPEC';
    'OUTPUT':
      PIN_NUMBER='(3)';
      NO_LOAD_CHECK=BOTH;
      NO_IO_CHECK=BOTH;
      ALLOW_CONNECT=TRUE;
      PINUSE='UNSPEC';
    'VCC':
      PIN_NUMBER='(4)';
      NO_LOAD_CHECK=BOTH;
      NO_IO_CHECK=BOTH;
      ALLOW_CONNECT=TRUE;
      PINUSE='UNSPEC';
  END_PIN;
  BODY
    PART_NAME='KC2520Z12.0000C15XXK';
    PHYS_DES_PREFIX='Y';
    NO_LOAD_CHECK='TRUE';
    PIN_COUNT='4';
    BODY_NAME='KC2520Z12.0000C15XXK';
    JEDEC_TYPE='KC2520Z120000C15XXK';
  END_BODY;
END_PRIMITIVE;
END.
